{"C:/Users/borde/Desktop/Courses/react-testing-course/src/components/Greet/Greet.tsx": {"path":"C:/Users/borde/Desktop/Courses/react-testing-course/src/components/Greet/Greet.tsx","statementMap":{"0":{"start":{"line":3,"column":14},"end":{"line":9,"column":null}},"1":{"start":{"line":4,"column":2},"end":{"line":7,"column":null}}},"fnMap":{"0":{"name":"(anonymous_0)","decl":{"start":{"line":3,"column":14},"end":{"line":3,"column":15}},"loc":{"start":{"line":3,"column":49},"end":{"line":9,"column":null}}}},"branchMap":{"0":{"loc":{"start":{"line":3,"column":17},"end":{"line":3,"column":31}},"type":"default-arg","locations":[{"start":{"line":3,"column":24},"end":{"line":3,"column":31}}]}},"s":{"0":2,"1":3},"f":{"0":3},"b":{"0":[2]}}
}
